<?xml version="1.0" encoding="UTF-8" ?>
<testsuite tests="28" failures="0" name="com.swcguild.capstoneproject.dao.BlogDaoDbImplTest" time="4.738" errors="0" skipped="0">
  <properties>
[...]
</properties>
  <testcase classname="com.swcguild.capstoneproject.dao.BlogDaoDbImplTest" name="testGetPostById" time="1.586"/>
  <testcase classname="com.swcguild.capstoneproject.dao.BlogDaoDbImplTest" name="testPublishPinPost" time="0.099"/>
  <testcase classname="com.swcguild.capstoneproject.dao.BlogDaoDbImplTest" name="testMakeNewUser" time="0.127"/>
  <testcase classname="com.swcguild.capstoneproject.dao.BlogDaoDbImplTest" name="testRemovePinPost" time="0.246"/>
  <testcase classname="com.swcguild.capstoneproject.dao.BlogDaoDbImplTest" name="testAddPost" time="0.142"/>
  <testcase classname="com.swcguild.capstoneproject.dao.BlogDaoDbImplTest" name="testPublishPost" time="0.138"/>
  <testcase classname="com.swcguild.capstoneproject.dao.BlogDaoDbImplTest" name="testGetAllPosts" time="0.087"/>
  <testcase classname="com.swcguild.capstoneproject.dao.BlogDaoDbImplTest" name="testGetAllUsers" time="0.091"/>
  <testcase classname="com.swcguild.capstoneproject.dao.BlogDaoDbImplTest" name="testUpdatePost" time="0.117"/>
  <testcase classname="com.swcguild.capstoneproject.dao.BlogDaoDbImplTest" name="testUpdateUser" time="0.082"/>
  <testcase classname="com.swcguild.capstoneproject.dao.BlogDaoDbImplTest" name="testGetActivePinPosts" time="0.128"/>
  <testcase classname="com.swcguild.capstoneproject.dao.BlogDaoDbImplTest" name="testRemoveAuthority" time="0.1"/>
  <testcase classname="com.swcguild.capstoneproject.dao.BlogDaoDbImplTest" name="testGetPinPostById" time="0.095"/>
  <testcase classname="com.swcguild.capstoneproject.dao.BlogDaoDbImplTest" name="testMakeNewAuthority" time="0.061"/>
  <testcase classname="com.swcguild.capstoneproject.dao.BlogDaoDbImplTest" name="testGetActiveTags" time="0.122"/>
  <testcase classname="com.swcguild.capstoneproject.dao.BlogDaoDbImplTest" name="testGetAllTags" time="0.08"/>
  <testcase classname="com.swcguild.capstoneproject.dao.BlogDaoDbImplTest" name="testUpdatePinPost" time="0.072"/>
  <testcase classname="com.swcguild.capstoneproject.dao.BlogDaoDbImplTest" name="testGetAllPostObjects" time="0.085"/>
  <testcase classname="com.swcguild.capstoneproject.dao.BlogDaoDbImplTest" name="testGetAuthoritiesByUsername" time="0.136"/>
  <testcase classname="com.swcguild.capstoneproject.dao.BlogDaoDbImplTest" name="testRemovePost" time="0.128"/>
  <testcase classname="com.swcguild.capstoneproject.dao.BlogDaoDbImplTest" name="testRemoveUser" time="0.086"/>
  <testcase classname="com.swcguild.capstoneproject.dao.BlogDaoDbImplTest" name="testAddPinPost" time="0.307"/>
  <testcase classname="com.swcguild.capstoneproject.dao.BlogDaoDbImplTest" name="testGetTagsById" time="0.082"/>
  <testcase classname="com.swcguild.capstoneproject.dao.BlogDaoDbImplTest" name="testGetUserById" time="0.186"/>
  <testcase classname="com.swcguild.capstoneproject.dao.BlogDaoDbImplTest" name="testGetActivePosts" time="0.111"/>
  <testcase classname="com.swcguild.capstoneproject.dao.BlogDaoDbImplTest" name="testGetAllAuthorities" time="0.083"/>
  <testcase classname="com.swcguild.capstoneproject.dao.BlogDaoDbImplTest" name="testGetSearchPosts" time="0.093"/>
  <testcase classname="com.swcguild.capstoneproject.dao.BlogDaoDbImplTest" name="testGetAllPinPosts" time="0.068"/>
</testsuite>